<?xml version="1.0" encoding="UTF-8"?>
<testsuite xmlns:xsi="http://www.w3.org/2001/XMLSchema-instance" xsi:noNamespaceSchemaLocation="https://maven.apache.org/surefire/maven-surefire-plugin/xsd/surefire-test-report.xsd" version="3.0.1" name="fr.istic.pra.myset.TestMySet" time="0.156" tests="35" errors="35" skipped="0" failures="0">
  <properties>
[...]
</properties>
  <testcase name="testSize1" classname="fr.istic.pra.myset.TestMySet" time="0.049">
    <error message="Unresolved compilation problem: &#10;	Syntax error, insert &quot;}&quot; to complete MethodBody&#10;" type="java.lang.Error"><![CDATA[java.lang.Error: 
Unresolved compilation problem: 
	Syntax error, insert "}" to complete MethodBody

	at fr.istic.pra.myset.MySet.<init>(MySet.java:121)
	at fr.istic.pra.myset.TestMySet.readFileToMySet(TestMySet.java:128)
	at fr.istic.pra.myset.TestMySet.testSize1(TestMySet.java:229)
	at java.base/java.lang.reflect.Method.invoke(Method.java:565)
	at java.base/java.util.ArrayList.forEach(ArrayList.java:1604)
	at java.base/java.util.ArrayList.forEach(ArrayList.java:1604)
]]></error>
  </testcase>
  <testcase name="testSize2" classname="fr.istic.pra.myset.TestMySet" time="0.002">
    <error message="Unresolved compilation problem: &#10;	Syntax error, insert &quot;}&quot; to complete MethodBody&#10;" type="java.lang.Error"><![CDATA[java.lang.Error: 
Unresolved compilation problem: 
	Syntax error, insert "}" to complete MethodBody

	at fr.istic.pra.myset.MySet.<init>(MySet.java:121)
	at fr.istic.pra.myset.TestMySet.testSize2(TestMySet.java:237)
	at java.base/java.lang.reflect.Method.invoke(Method.java:565)
	at java.base/java.util.ArrayList.forEach(ArrayList.java:1604)
	at java.base/java.util.ArrayList.forEach(ArrayList.java:1604)
]]></error>
  </testcase>
  <testcase name="testSize3" classname="fr.istic.pra.myset.TestMySet" time="0.002">
    <error message="Unresolved compilation problem: &#10;	Syntax error, insert &quot;}&quot; to complete MethodBody&#10;" type="java.lang.Error"><![CDATA[java.lang.Error: 
Unresolved compilation problem: 
	Syntax error, insert "}" to complete MethodBody

	at fr.istic.pra.myset.MySet.<init>(MySet.java:121)
	at fr.istic.pra.myset.TestMySet.readFileToMySet(TestMySet.java:128)
	at fr.istic.pra.myset.TestMySet.testSize3(TestMySet.java:264)
	at java.base/java.lang.reflect.Method.invoke(Method.java:565)
	at java.base/java.util.ArrayList.forEach(ArrayList.java:1604)
	at java.base/java.util.ArrayList.forEach(ArrayList.java:1604)
]]></error>
  </testcase>
  <testcase name="testSetCreation" classname="fr.istic.pra.myset.TestMySet" time="0.003">
    <error message="Unresolved compilation problem: &#10;	Syntax error, insert &quot;}&quot; to complete MethodBody&#10;" type="java.lang.Error"><![CDATA[java.lang.Error: 
Unresolved compilation problem: 
	Syntax error, insert "}" to complete MethodBody

	at fr.istic.pra.myset.MySet.<init>(MySet.java:121)
	at fr.istic.pra.myset.TestMySet.readFileToMySet(TestMySet.java:128)
	at fr.istic.pra.myset.TestMySet.testSetCreation(TestMySet.java:135)
	at java.base/java.lang.reflect.Method.invoke(Method.java:565)
	at java.base/java.util.ArrayList.forEach(ArrayList.java:1604)
	at java.base/java.util.ArrayList.forEach(ArrayList.java:1604)
]]></error>
  </testcase>
  <testcase name="testContainment1" classname="fr.istic.pra.myset.TestMySet" time="0.002">
    <error message="Unresolved compilation problem: &#10;	Syntax error, insert &quot;}&quot; to complete MethodBody&#10;" type="java.lang.Error"><![CDATA[java.lang.Error: 
Unresolved compilation problem: 
	Syntax error, insert "}" to complete MethodBody

	at fr.istic.pra.myset.MySet.<init>(MySet.java:121)
	at fr.istic.pra.myset.TestMySet.readFileToMySet(TestMySet.java:128)
	at fr.istic.pra.myset.TestMySet.testContainment1(TestMySet.java:142)
	at java.base/java.lang.reflect.Method.invoke(Method.java:565)
	at java.base/java.util.ArrayList.forEach(ArrayList.java:1604)
	at java.base/java.util.ArrayList.forEach(ArrayList.java:1604)
]]></error>
  </testcase>
  <testcase name="testContainment2" classname="fr.istic.pra.myset.TestMySet" time="0.003">
    <error message="Unresolved compilation problem: &#10;	Syntax error, insert &quot;}&quot; to complete MethodBody&#10;" type="java.lang.Error"><![CDATA[java.lang.Error: 
Unresolved compilation problem: 
	Syntax error, insert "}" to complete MethodBody

	at fr.istic.pra.myset.MySet.<init>(MySet.java:121)
	at fr.istic.pra.myset.TestMySet.readFileToMySet(TestMySet.java:128)
	at fr.istic.pra.myset.TestMySet.testContainment2(TestMySet.java:152)
	at java.base/java.lang.reflect.Method.invoke(Method.java:565)
	at java.base/java.util.ArrayList.forEach(ArrayList.java:1604)
	at java.base/java.util.ArrayList.forEach(ArrayList.java:1604)
]]></error>
  </testcase>
  <testcase name="testSymmetricDifference1" classname="fr.istic.pra.myset.TestMySet" time="0.001">
    <error message="Unresolved compilation problem: &#10;	Syntax error, insert &quot;}&quot; to complete MethodBody&#10;" type="java.lang.Error"><![CDATA[java.lang.Error: 
Unresolved compilation problem: 
	Syntax error, insert "}" to complete MethodBody

	at fr.istic.pra.myset.MySet.<init>(MySet.java:121)
	at fr.istic.pra.myset.TestMySet.readFileToMySet(TestMySet.java:128)
	at fr.istic.pra.myset.TestMySet.testSymmetricDifference1(TestMySet.java:334)
	at java.base/java.lang.reflect.Method.invoke(Method.java:565)
	at java.base/java.util.ArrayList.forEach(ArrayList.java:1604)
	at java.base/java.util.ArrayList.forEach(ArrayList.java:1604)
]]></error>
  </testcase>
  <testcase name="testSymmetricDifference2" classname="fr.istic.pra.myset.TestMySet" time="0.0">
    <error message="Unresolved compilation problem: &#10;	Syntax error, insert &quot;}&quot; to complete MethodBody&#10;" type="java.lang.Error"><![CDATA[java.lang.Error: 
Unresolved compilation problem: 
	Syntax error, insert "}" to complete MethodBody

	at fr.istic.pra.myset.MySet.<init>(MySet.java:121)
	at fr.istic.pra.myset.TestMySet.readFileToMySet(TestMySet.java:128)
	at fr.istic.pra.myset.TestMySet.testSymmetricDifference2(TestMySet.java:343)
	at java.base/java.lang.reflect.Method.invoke(Method.java:565)
	at java.base/java.util.ArrayList.forEach(ArrayList.java:1604)
	at java.base/java.util.ArrayList.forEach(ArrayList.java:1604)
]]></error>
  </testcase>
  <testcase name="testSymmetricDifference3" classname="fr.istic.pra.myset.TestMySet" time="0.0">
    <error message="Unresolved compilation problem: &#10;	Syntax error, insert &quot;}&quot; to complete MethodBody&#10;" type="java.lang.Error"><![CDATA[java.lang.Error: 
Unresolved compilation problem: 
	Syntax error, insert "}" to complete MethodBody

	at fr.istic.pra.myset.MySet.<init>(MySet.java:121)
	at fr.istic.pra.myset.TestMySet.testSymmetricDifference3(TestMySet.java:352)
	at java.base/java.lang.reflect.Method.invoke(Method.java:565)
	at java.base/java.util.ArrayList.forEach(ArrayList.java:1604)
	at java.base/java.util.ArrayList.forEach(ArrayList.java:1604)
]]></error>
  </testcase>
  <testcase name="testSymmetricDifference4" classname="fr.istic.pra.myset.TestMySet" time="0.001">
    <error message="Unresolved compilation problem: &#10;	Syntax error, insert &quot;}&quot; to complete MethodBody&#10;" type="java.lang.Error"><![CDATA[java.lang.Error: 
Unresolved compilation problem: 
	Syntax error, insert "}" to complete MethodBody

	at fr.istic.pra.myset.MySet.<init>(MySet.java:121)
	at fr.istic.pra.myset.TestMySet.testSymmetricDifference4(TestMySet.java:369)
	at java.base/java.lang.reflect.Method.invoke(Method.java:565)
	at java.base/java.util.ArrayList.forEach(ArrayList.java:1604)
	at java.base/java.util.ArrayList.forEach(ArrayList.java:1604)
]]></error>
  </testcase>
  <testcase name="testSymmetricDifference5" classname="fr.istic.pra.myset.TestMySet" time="0.001">
    <error message="Unresolved compilation problem: &#10;	Syntax error, insert &quot;}&quot; to complete MethodBody&#10;" type="java.lang.Error"><![CDATA[java.lang.Error: 
Unresolved compilation problem: 
	Syntax error, insert "}" to complete MethodBody

	at fr.istic.pra.myset.MySet.<init>(MySet.java:121)
	at fr.istic.pra.myset.TestMySet.readFileToMySet(TestMySet.java:128)
	at fr.istic.pra.myset.TestMySet.testSymmetricDifference5(TestMySet.java:386)
	at java.base/java.lang.reflect.Method.invoke(Method.java:565)
	at java.base/java.util.ArrayList.forEach(ArrayList.java:1604)
	at java.base/java.util.ArrayList.forEach(ArrayList.java:1604)
]]></error>
  </testcase>
  <testcase name="testSymmetricDifference6" classname="fr.istic.pra.myset.TestMySet" time="0.001">
    <error message="Unresolved compilation problem: &#10;	Syntax error, insert &quot;}&quot; to complete MethodBody&#10;" type="java.lang.Error"><![CDATA[java.lang.Error: 
Unresolved compilation problem: 
	Syntax error, insert "}" to complete MethodBody

	at fr.istic.pra.myset.MySet.<init>(MySet.java:121)
	at fr.istic.pra.myset.TestMySet.readFileToMySet(TestMySet.java:128)
	at fr.istic.pra.myset.TestMySet.testSymmetricDifference6(TestMySet.java:394)
	at java.base/java.lang.reflect.Method.invoke(Method.java:565)
	at java.base/java.util.ArrayList.forEach(ArrayList.java:1604)
	at java.base/java.util.ArrayList.forEach(ArrayList.java:1604)
]]></error>
  </testcase>
  <testcase name="testSymmetricDifference7" classname="fr.istic.pra.myset.TestMySet" time="0.001">
    <error message="Unresolved compilation problem: &#10;	Syntax error, insert &quot;}&quot; to complete MethodBody&#10;" type="java.lang.Error"><![CDATA[java.lang.Error: 
Unresolved compilation problem: 
	Syntax error, insert "}" to complete MethodBody

	at fr.istic.pra.myset.MySet.<init>(MySet.java:121)
	at fr.istic.pra.myset.TestMySet.readFileToMySet(TestMySet.java:128)
	at fr.istic.pra.myset.TestMySet.testSymmetricDifference7(TestMySet.java:401)
	at java.base/java.lang.reflect.Method.invoke(Method.java:565)
	at java.base/java.util.ArrayList.forEach(ArrayList.java:1604)
	at java.base/java.util.ArrayList.forEach(ArrayList.java:1604)
]]></error>
  </testcase>
  <testcase name="testSymmetricDifference8" classname="fr.istic.pra.myset.TestMySet" time="0.001">
    <error message="Unresolved compilation problem: &#10;	Syntax error, insert &quot;}&quot; to complete MethodBody&#10;" type="java.lang.Error"><![CDATA[java.lang.Error: 
Unresolved compilation problem: 
	Syntax error, insert "}" to complete MethodBody

	at fr.istic.pra.myset.MySet.<init>(MySet.java:121)
	at fr.istic.pra.myset.TestMySet.testSymmetricDifference8(TestMySet.java:411)
	at java.base/java.lang.reflect.Method.invoke(Method.java:565)
	at java.base/java.util.ArrayList.forEach(ArrayList.java:1604)
	at java.base/java.util.ArrayList.forEach(ArrayList.java:1604)
]]></error>
  </testcase>
  <testcase name="testSetAddition" classname="fr.istic.pra.myset.TestMySet" time="0.001">
    <error message="Unresolved compilation problem: &#10;	Syntax error, insert &quot;}&quot; to complete MethodBody&#10;" type="java.lang.Error"><![CDATA[java.lang.Error: 
Unresolved compilation problem: 
	Syntax error, insert "}" to complete MethodBody

	at fr.istic.pra.myset.MySet.<init>(MySet.java:121)
	at fr.istic.pra.myset.TestMySet.readFileToMySet(TestMySet.java:128)
	at fr.istic.pra.myset.TestMySet.testSetAddition(TestMySet.java:159)
	at java.base/java.lang.reflect.Method.invoke(Method.java:565)
	at java.base/java.util.ArrayList.forEach(ArrayList.java:1604)
	at java.base/java.util.ArrayList.forEach(ArrayList.java:1604)
]]></error>
  </testcase>
  <testcase name="testRemoval1" classname="fr.istic.pra.myset.TestMySet" time="0.001">
    <error message="Unresolved compilation problem: &#10;	Syntax error, insert &quot;}&quot; to complete MethodBody&#10;" type="java.lang.Error"><![CDATA[java.lang.Error: 
Unresolved compilation problem: 
	Syntax error, insert "}" to complete MethodBody

	at fr.istic.pra.myset.MySet.<init>(MySet.java:121)
	at fr.istic.pra.myset.TestMySet.readFileToMySet(TestMySet.java:128)
	at fr.istic.pra.myset.TestMySet.testRemoval1(TestMySet.java:167)
	at java.base/java.lang.reflect.Method.invoke(Method.java:565)
	at java.base/java.util.ArrayList.forEach(ArrayList.java:1604)
	at java.base/java.util.ArrayList.forEach(ArrayList.java:1604)
]]></error>
  </testcase>
  <testcase name="testRemoval2" classname="fr.istic.pra.myset.TestMySet" time="0.0">
    <error message="Unresolved compilation problem: &#10;	Syntax error, insert &quot;}&quot; to complete MethodBody&#10;" type="java.lang.Error"><![CDATA[java.lang.Error: 
Unresolved compilation problem: 
	Syntax error, insert "}" to complete MethodBody

	at fr.istic.pra.myset.MySet.<init>(MySet.java:121)
	at fr.istic.pra.myset.TestMySet.testRemoval2(TestMySet.java:177)
	at java.base/java.lang.reflect.Method.invoke(Method.java:565)
	at java.base/java.util.ArrayList.forEach(ArrayList.java:1604)
	at java.base/java.util.ArrayList.forEach(ArrayList.java:1604)
]]></error>
  </testcase>
  <testcase name="testRemoval3" classname="fr.istic.pra.myset.TestMySet" time="0.0">
    <error message="Unresolved compilation problem: &#10;	Syntax error, insert &quot;}&quot; to complete MethodBody&#10;" type="java.lang.Error"><![CDATA[java.lang.Error: 
Unresolved compilation problem: 
	Syntax error, insert "}" to complete MethodBody

	at fr.istic.pra.myset.MySet.<init>(MySet.java:121)
	at fr.istic.pra.myset.TestMySet.testRemoval3(TestMySet.java:191)
	at java.base/java.lang.reflect.Method.invoke(Method.java:565)
	at java.base/java.util.ArrayList.forEach(ArrayList.java:1604)
	at java.base/java.util.ArrayList.forEach(ArrayList.java:1604)
]]></error>
  </testcase>
  <testcase name="testRemoval4" classname="fr.istic.pra.myset.TestMySet" time="0.001">
    <error message="Unresolved compilation problem: &#10;	Syntax error, insert &quot;}&quot; to complete MethodBody&#10;" type="java.lang.Error"><![CDATA[java.lang.Error: 
Unresolved compilation problem: 
	Syntax error, insert "}" to complete MethodBody

	at fr.istic.pra.myset.MySet.<init>(MySet.java:121)
	at fr.istic.pra.myset.TestMySet.testRemoval4(TestMySet.java:200)
	at java.base/java.lang.reflect.Method.invoke(Method.java:565)
	at java.base/java.util.ArrayList.forEach(ArrayList.java:1604)
	at java.base/java.util.ArrayList.forEach(ArrayList.java:1604)
]]></error>
  </testcase>
  <testcase name="testRemoval5" classname="fr.istic.pra.myset.TestMySet" time="0.001">
    <error message="Unresolved compilation problem: &#10;	Syntax error, insert &quot;}&quot; to complete MethodBody&#10;" type="java.lang.Error"><![CDATA[java.lang.Error: 
Unresolved compilation problem: 
	Syntax error, insert "}" to complete MethodBody

	at fr.istic.pra.myset.MySet.<init>(MySet.java:121)
	at fr.istic.pra.myset.TestMySet.readFileToMySet(TestMySet.java:128)
	at fr.istic.pra.myset.TestMySet.testRemoval5(TestMySet.java:211)
	at java.base/java.lang.reflect.Method.invoke(Method.java:565)
	at java.base/java.util.ArrayList.forEach(ArrayList.java:1604)
	at java.base/java.util.ArrayList.forEach(ArrayList.java:1604)
]]></error>
  </testcase>
  <testcase name="testRemoval6" classname="fr.istic.pra.myset.TestMySet" time="0.001">
    <error message="Unresolved compilation problem: &#10;	Syntax error, insert &quot;}&quot; to complete MethodBody&#10;" type="java.lang.Error"><![CDATA[java.lang.Error: 
Unresolved compilation problem: 
	Syntax error, insert "}" to complete MethodBody

	at fr.istic.pra.myset.MySet.<init>(MySet.java:121)
	at fr.istic.pra.myset.TestMySet.readFileToMySet(TestMySet.java:128)
	at fr.istic.pra.myset.TestMySet.testRemoval6(TestMySet.java:220)
	at java.base/java.lang.reflect.Method.invoke(Method.java:565)
	at java.base/java.util.ArrayList.forEach(ArrayList.java:1604)
	at java.base/java.util.ArrayList.forEach(ArrayList.java:1604)
]]></error>
  </testcase>
  <testcase name="testEquality1" classname="fr.istic.pra.myset.TestMySet" time="0.0">
    <error message="Unresolved compilation problem: &#10;	Syntax error, insert &quot;}&quot; to complete MethodBody&#10;" type="java.lang.Error"><![CDATA[java.lang.Error: 
Unresolved compilation problem: 
	Syntax error, insert "}" to complete MethodBody

	at fr.istic.pra.myset.MySet.<init>(MySet.java:121)
	at fr.istic.pra.myset.TestMySet.readFileToMySet(TestMySet.java:128)
	at fr.istic.pra.myset.TestMySet.testEquality1(TestMySet.java:432)
	at java.base/java.lang.reflect.Method.invoke(Method.java:565)
	at java.base/java.util.ArrayList.forEach(ArrayList.java:1604)
	at java.base/java.util.ArrayList.forEach(ArrayList.java:1604)
]]></error>
  </testcase>
  <testcase name="testEquality2" classname="fr.istic.pra.myset.TestMySet" time="0.0">
    <error message="Unresolved compilation problem: &#10;	Syntax error, insert &quot;}&quot; to complete MethodBody&#10;" type="java.lang.Error"><![CDATA[java.lang.Error: 
Unresolved compilation problem: 
	Syntax error, insert "}" to complete MethodBody

	at fr.istic.pra.myset.MySet.<init>(MySet.java:121)
	at fr.istic.pra.myset.TestMySet.readFileToMySet(TestMySet.java:128)
	at fr.istic.pra.myset.TestMySet.testEquality2(TestMySet.java:439)
	at java.base/java.lang.reflect.Method.invoke(Method.java:565)
	at java.base/java.util.ArrayList.forEach(ArrayList.java:1604)
	at java.base/java.util.ArrayList.forEach(ArrayList.java:1604)
]]></error>
  </testcase>
  <testcase name="testEquality3" classname="fr.istic.pra.myset.TestMySet" time="0.0">
    <error message="Unresolved compilation problem: &#10;	Syntax error, insert &quot;}&quot; to complete MethodBody&#10;" type="java.lang.Error"><![CDATA[java.lang.Error: 
Unresolved compilation problem: 
	Syntax error, insert "}" to complete MethodBody

	at fr.istic.pra.myset.MySet.<init>(MySet.java:121)
	at fr.istic.pra.myset.TestMySet.readFileToMySet(TestMySet.java:128)
	at fr.istic.pra.myset.TestMySet.testEquality3(TestMySet.java:447)
	at java.base/java.lang.reflect.Method.invoke(Method.java:565)
	at java.base/java.util.ArrayList.forEach(ArrayList.java:1604)
	at java.base/java.util.ArrayList.forEach(ArrayList.java:1604)
]]></error>
  </testcase>
  <testcase name="testEquality4" classname="fr.istic.pra.myset.TestMySet" time="0.001">
    <error message="Unresolved compilation problem: &#10;	Syntax error, insert &quot;}&quot; to complete MethodBody&#10;" type="java.lang.Error"><![CDATA[java.lang.Error: 
Unresolved compilation problem: 
	Syntax error, insert "}" to complete MethodBody

	at fr.istic.pra.myset.MySet.<init>(MySet.java:121)
	at fr.istic.pra.myset.TestMySet.readFileToMySet(TestMySet.java:128)
	at fr.istic.pra.myset.TestMySet.testEquality4(TestMySet.java:455)
	at java.base/java.lang.reflect.Method.invoke(Method.java:565)
	at java.base/java.util.ArrayList.forEach(ArrayList.java:1604)
	at java.base/java.util.ArrayList.forEach(ArrayList.java:1604)
]]></error>
  </testcase>
  <testcase name="testEquality5" classname="fr.istic.pra.myset.TestMySet" time="0.001">
    <error message="Unresolved compilation problem: &#10;	Syntax error, insert &quot;}&quot; to complete MethodBody&#10;" type="java.lang.Error"><![CDATA[java.lang.Error: 
Unresolved compilation problem: 
	Syntax error, insert "}" to complete MethodBody

	at fr.istic.pra.myset.MySet.<init>(MySet.java:121)
	at fr.istic.pra.myset.TestMySet.readFileToMySet(TestMySet.java:128)
	at fr.istic.pra.myset.TestMySet.testEquality5(TestMySet.java:463)
	at java.base/java.lang.reflect.Method.invoke(Method.java:565)
	at java.base/java.util.ArrayList.forEach(ArrayList.java:1604)
	at java.base/java.util.ArrayList.forEach(ArrayList.java:1604)
]]></error>
  </testcase>
  <testcase name="testEquality6" classname="fr.istic.pra.myset.TestMySet" time="0.0">
    <error message="Unresolved compilation problem: &#10;	Syntax error, insert &quot;}&quot; to complete MethodBody&#10;" type="java.lang.Error"><![CDATA[java.lang.Error: 
Unresolved compilation problem: 
	Syntax error, insert "}" to complete MethodBody

	at fr.istic.pra.myset.MySet.<init>(MySet.java:121)
	at fr.istic.pra.myset.TestMySet.testEquality6(TestMySet.java:471)
	at java.base/java.lang.reflect.Method.invoke(Method.java:565)
	at java.base/java.util.ArrayList.forEach(ArrayList.java:1604)
	at java.base/java.util.ArrayList.forEach(ArrayList.java:1604)
]]></error>
  </testcase>
  <testcase name="testEquality7" classname="fr.istic.pra.myset.TestMySet" time="0.0">
    <error message="Unresolved compilation problem: &#10;	Syntax error, insert &quot;}&quot; to complete MethodBody&#10;" type="java.lang.Error"><![CDATA[java.lang.Error: 
Unresolved compilation problem: 
	Syntax error, insert "}" to complete MethodBody

	at fr.istic.pra.myset.MySet.<init>(MySet.java:121)
	at fr.istic.pra.myset.TestMySet.testEquality7(TestMySet.java:483)
	at java.base/java.lang.reflect.Method.invoke(Method.java:565)
	at java.base/java.util.ArrayList.forEach(ArrayList.java:1604)
	at java.base/java.util.ArrayList.forEach(ArrayList.java:1604)
]]></error>
  </testcase>
  <testcase name="testEquality8" classname="fr.istic.pra.myset.TestMySet" time="0.001">
    <error message="Unresolved compilation problem: &#10;	Syntax error, insert &quot;}&quot; to complete MethodBody&#10;" type="java.lang.Error"><![CDATA[java.lang.Error: 
Unresolved compilation problem: 
	Syntax error, insert "}" to complete MethodBody

	at fr.istic.pra.myset.MySet.<init>(MySet.java:121)
	at fr.istic.pra.myset.TestMySet.testEquality8(TestMySet.java:496)
	at java.base/java.lang.reflect.Method.invoke(Method.java:565)
	at java.base/java.util.ArrayList.forEach(ArrayList.java:1604)
	at java.base/java.util.ArrayList.forEach(ArrayList.java:1604)
]]></error>
  </testcase>
  <testcase name="testEquality9" classname="fr.istic.pra.myset.TestMySet" time="0.0">
    <error message="Unresolved compilation problem: &#10;	Syntax error, insert &quot;}&quot; to complete MethodBody&#10;" type="java.lang.Error"><![CDATA[java.lang.Error: 
Unresolved compilation problem: 
	Syntax error, insert "}" to complete MethodBody

	at fr.istic.pra.myset.MySet.<init>(MySet.java:121)
	at fr.istic.pra.myset.TestMySet.testEquality9(TestMySet.java:510)
	at java.base/java.lang.reflect.Method.invoke(Method.java:565)
	at java.base/java.util.ArrayList.forEach(ArrayList.java:1604)
	at java.base/java.util.ArrayList.forEach(ArrayList.java:1604)
]]></error>
  </testcase>
  <testcase name="testUnion1" classname="fr.istic.pra.myset.TestMySet" time="0.0">
    <error message="Unresolved compilation problem: &#10;	Syntax error, insert &quot;}&quot; to complete MethodBody&#10;" type="java.lang.Error"><![CDATA[java.lang.Error: 
Unresolved compilation problem: 
	Syntax error, insert "}" to complete MethodBody

	at fr.istic.pra.myset.MySet.<init>(MySet.java:121)
	at fr.istic.pra.myset.TestMySet.readFileToMySet(TestMySet.java:128)
	at fr.istic.pra.myset.TestMySet.testUnion1(TestMySet.java:274)
	at java.base/java.lang.reflect.Method.invoke(Method.java:565)
	at java.base/java.util.ArrayList.forEach(ArrayList.java:1604)
	at java.base/java.util.ArrayList.forEach(ArrayList.java:1604)
]]></error>
  </testcase>
  <testcase name="testUnion2" classname="fr.istic.pra.myset.TestMySet" time="0.001">
    <error message="Unresolved compilation problem: &#10;	Syntax error, insert &quot;}&quot; to complete MethodBody&#10;" type="java.lang.Error"><![CDATA[java.lang.Error: 
Unresolved compilation problem: 
	Syntax error, insert "}" to complete MethodBody

	at fr.istic.pra.myset.MySet.<init>(MySet.java:121)
	at fr.istic.pra.myset.TestMySet.readFileToMySet(TestMySet.java:128)
	at fr.istic.pra.myset.TestMySet.testUnion2(TestMySet.java:283)
	at java.base/java.lang.reflect.Method.invoke(Method.java:565)
	at java.base/java.util.ArrayList.forEach(ArrayList.java:1604)
	at java.base/java.util.ArrayList.forEach(ArrayList.java:1604)
]]></error>
  </testcase>
  <testcase name="testUnion3" classname="fr.istic.pra.myset.TestMySet" time="0.001">
    <error message="Unresolved compilation problem: &#10;	Syntax error, insert &quot;}&quot; to complete MethodBody&#10;" type="java.lang.Error"><![CDATA[java.lang.Error: 
Unresolved compilation problem: 
	Syntax error, insert "}" to complete MethodBody

	at fr.istic.pra.myset.MySet.<init>(MySet.java:121)
	at fr.istic.pra.myset.TestMySet.testUnion3(TestMySet.java:292)
	at java.base/java.lang.reflect.Method.invoke(Method.java:565)
	at java.base/java.util.ArrayList.forEach(ArrayList.java:1604)
	at java.base/java.util.ArrayList.forEach(ArrayList.java:1604)
]]></error>
  </testcase>
  <testcase name="testUnion4" classname="fr.istic.pra.myset.TestMySet" time="0.0">
    <error message="Unresolved compilation problem: &#10;	Syntax error, insert &quot;}&quot; to complete MethodBody&#10;" type="java.lang.Error"><![CDATA[java.lang.Error: 
Unresolved compilation problem: 
	Syntax error, insert "}" to complete MethodBody

	at fr.istic.pra.myset.MySet.<init>(MySet.java:121)
	at fr.istic.pra.myset.TestMySet.testUnion4(TestMySet.java:310)
	at java.base/java.lang.reflect.Method.invoke(Method.java:565)
	at java.base/java.util.ArrayList.forEach(ArrayList.java:1604)
	at java.base/java.util.ArrayList.forEach(ArrayList.java:1604)
]]></error>
  </testcase>
  <testcase name="testUnion5" classname="fr.istic.pra.myset.TestMySet" time="0.001">
    <error message="Unresolved compilation problem: &#10;	Syntax error, insert &quot;}&quot; to complete MethodBody&#10;" type="java.lang.Error"><![CDATA[java.lang.Error: 
Unresolved compilation problem: 
	Syntax error, insert "}" to complete MethodBody

	at fr.istic.pra.myset.MySet.<init>(MySet.java:121)
	at fr.istic.pra.myset.TestMySet.readFileToMySet(TestMySet.java:128)
	at fr.istic.pra.myset.TestMySet.testUnion5(TestMySet.java:324)
	at java.base/java.lang.reflect.Method.invoke(Method.java:565)
	at java.base/java.util.ArrayList.forEach(ArrayList.java:1604)
	at java.base/java.util.ArrayList.forEach(ArrayList.java:1604)
]]></error>
  </testcase>
</testsuite>