<?xml version="1.0" encoding="UTF-8"?>
<testsuite xmlns:xsi="http://www.w3.org/2001/XMLSchema-instance" xsi:noNamespaceSchemaLocation="https://maven.apache.org/surefire/maven-surefire-plugin/xsd/surefire-test-report.xsd" version="3.0.1" name="fr.istic.pra.myset.TestSmallSet" time="0.029" tests="17" errors="0" skipped="0" failures="0">
  <properties>
[...]
</properties>
  <testcase name="testOutOfRange" classname="fr.istic.pra.myset.TestSmallSet" time="0.011">
    <system-out><![CDATA[SmallSet : version fournie par lib-tp-listes
]]></system-out>
  </testcase>
  <testcase name="testIteratorSorted" classname="fr.istic.pra.myset.TestSmallSet" time="0.004"/>
  <testcase name="testComplement" classname="fr.istic.pra.myset.TestSmallSet" time="0.005"/>
  <testcase name="testClear" classname="fr.istic.pra.myset.TestSmallSet" time="0.0"/>
  <testcase name="testUnion" classname="fr.istic.pra.myset.TestSmallSet" time="0.0"/>
  <testcase name="testAddInterval" classname="fr.istic.pra.myset.TestSmallSet" time="0.0"/>
  <testcase name="testInitiallyEmpty" classname="fr.istic.pra.myset.TestSmallSet" time="0.0"/>
  <testcase name="testAddIdempotent" classname="fr.istic.pra.myset.TestSmallSet" time="0.0"/>
  <testcase name="testSymmetricDifference" classname="fr.istic.pra.myset.TestSmallSet" time="0.001"/>
  <testcase name="testIsIncludedIn" classname="fr.istic.pra.myset.TestSmallSet" time="0.0"/>
  <testcase name="testDifference" classname="fr.istic.pra.myset.TestSmallSet" time="0.001"/>
  <testcase name="testCopyIsolation" classname="fr.istic.pra.myset.TestSmallSet" time="0.0"/>
  <testcase name="testIntersection" classname="fr.istic.pra.myset.TestSmallSet" time="0.0"/>
  <testcase name="testEqualsIgnoresInsertionOrder" classname="fr.istic.pra.myset.TestSmallSet" time="0.001"/>
  <testcase name="testRemove" classname="fr.istic.pra.myset.TestSmallSet" time="0.0"/>
  <testcase name="testRemoveInterval" classname="fr.istic.pra.myset.TestSmallSet" time="0.0"/>
  <testcase name="testAddContains" classname="fr.istic.pra.myset.TestSmallSet" time="0.0"/>
</testsuite>